<?xml version="1.0" encoding="UTF-8"?>
<!-- Generated by org.testng.reporters.JUnitReportReporter -->
<testsuite hostname="Shantanu_G" failures="0" tests="1" name="com.jisasoftech.ADVNIC.tests.ForgetPasswordTest" time="10.532" errors="0" timestamp="2025-02-03T18:11:27 IST" skipped="0">
  <testcase classname="com.jisasoftech.ADVNIC.tests.ForgetPasswordTest" name="verifyAlertResetPassword" time="10.532"/>
</testsuite> <!-- com.jisasoftech.ADVNIC.tests.ForgetPasswordTest -->
