<?xml version="1.0" encoding="UTF-8"?>
<!-- Generated by org.testng.reporters.JUnitReportReporter -->
<testsuite hostname="Shantanu_G" failures="0" tests="1" name="com.jisasoftech.ADVNIC.tests.LoginTest" time="32.625" errors="0" timestamp="2024-12-26T12:46:28 IST" skipped="0">
  <testcase classname="com.jisasoftech.ADVNIC.tests.LoginTest" name="validateLoginWithValidData" time="32.625"/>
</testsuite> <!-- com.jisasoftech.ADVNIC.tests.LoginTest -->
