<?xml version="1.0" encoding="UTF-8"?>
<!-- Generated by org.testng.reporters.JUnitReportReporter -->
<testsuite hostname="Shantanu_G" failures="0" tests="1" name="com.jisasoftech.ADVNIC.tests.ForgetPasswordTest" time="12.972" errors="0" timestamp="2025-01-31T18:05:39 IST" skipped="0">
  <testcase classname="com.jisasoftech.ADVNIC.tests.ForgetPasswordTest" name="verifySubmitButtonClickableAfterEnteringAllDetails" time="12.972"/>
</testsuite> <!-- com.jisasoftech.ADVNIC.tests.ForgetPasswordTest -->
